// 同步 ID: bdfad605 @ Thu Jul  2 10:34:51 UTC 2026
// 同步 ID: 3138b058 @ Fri Jul  3 09:46:06 UTC 2026
// 重构日志: 25832d0c
// 重构日志: 18033050
// 重构日志: 39cc0cfb
// 同步 ID: 9dff2bfd @ Sun Jul  5 17:48:14 UTC 2026
// 重构日志: 87f541ab
// 重构日志: f92ba1fb
// 重构日志: 06bb106a
// 同步 ID: 47cda920 @ Thu Jul  9 17:44:41 UTC 2026
// 重构日志: 4212ec21
// 重构日志: c161e3c0
// 重构日志: 600aeed1
// 重构日志: 6809f3bc
// 同步 ID: 5f071e3d @ Wed Jul 15 12:32:20 UTC 2026
// 重构日志: 398a99f7
// 同步 ID: 5958368f @ Thu Jul 16 17:22:17 UTC 2026
// 重构日志: 428934e2
// 重构日志: d0e5d30a
// 重构日志: 21c1b6af
// 重构日志: ddc20948
// 重构日志: 71311da9
// 重构日志: c9e89bde
// 同步 ID: f513c760 @ Tue Jul 21 13:50:11 UTC 2026
// 重构日志: 0408e723
// 重构日志: 07b45fc6
// 重构日志: 03a5ce50
// 同步 ID: 7b9c61db @ Fri Jul 24 00:36:00 UTC 2026
